  GameClear.cpp
  GamePlay.cpp
c:\users\k018a1697\desktop\shipff\niceship\gameplay.cpp(76): warning C4244: '=': 'int' から 'float' への変換です。データが失われる可能性があります。
c:\users\k018a1697\desktop\shipff\niceship\gameplay.cpp(86): warning C4244: '=': 'int' から 'float' への変換です。データが失われる可能性があります。
c:\users\k018a1697\desktop\shipff\niceship\gameplay.cpp(96): warning C4244: '=': 'int' から 'float' への変換です。データが失われる可能性があります。
c:\users\k018a1697\desktop\shipff\niceship\gameplay.cpp(107): warning C4244: '=': 'int' から 'float' への変換です。データが失われる可能性があります。
c:\users\k018a1697\desktop\shipff\niceship\gameplay.cpp(118): warning C4244: '=': 'int' から 'float' への変換です。データが失われる可能性があります。
c:\users\k018a1697\desktop\shipff\niceship\gameplay.cpp(129): warning C4244: '=': 'int' から 'float' への変換です。データが失われる可能性があります。
c:\users\k018a1697\desktop\shipff\niceship\gameplay.cpp(140): warning C4244: '=': 'int' から 'float' への変換です。データが失われる可能性があります。
c:\users\k018a1697\desktop\shipff\niceship\gameplay.cpp(156): warning C4244: '=': 'int' から 'float' への変換です。データが失われる可能性があります。
c:\users\k018a1697\desktop\shipff\niceship\gameplay.cpp(166): warning C4244: '=': 'int' から 'float' への変換です。データが失われる可能性があります。
c:\users\k018a1697\desktop\shipff\niceship\gameplay.cpp(176): warning C4244: '=': 'int' から 'float' への変換です。データが失われる可能性があります。
c:\users\k018a1697\desktop\shipff\niceship\gameplay.cpp(187): warning C4244: '=': 'int' から 'float' への変換です。データが失われる可能性があります。
c:\users\k018a1697\desktop\shipff\niceship\gameplay.cpp(198): warning C4244: '=': 'int' から 'float' への変換です。データが失われる可能性があります。
c:\users\k018a1697\desktop\shipff\niceship\gameplay.cpp(209): warning C4244: '=': 'int' から 'float' への変換です。データが失われる可能性があります。
c:\users\k018a1697\desktop\shipff\niceship\gameplay.cpp(220): warning C4244: '=': 'int' から 'float' への変換です。データが失われる可能性があります。
c:\users\k018a1697\desktop\shipff\niceship\gameplay.cpp(236): warning C4244: '=': 'int' から 'float' への変換です。データが失われる可能性があります。
c:\users\k018a1697\desktop\shipff\niceship\gameplay.cpp(246): warning C4244: '=': 'int' から 'float' への変換です。データが失われる可能性があります。
c:\users\k018a1697\desktop\shipff\niceship\gameplay.cpp(257): warning C4244: '=': 'int' から 'float' への変換です。データが失われる可能性があります。
c:\users\k018a1697\desktop\shipff\niceship\gameplay.cpp(268): warning C4244: '=': 'int' から 'float' への変換です。データが失われる可能性があります。
c:\users\k018a1697\desktop\shipff\niceship\gameplay.cpp(278): warning C4244: '=': 'int' から 'float' への変換です。データが失われる可能性があります。
c:\users\k018a1697\desktop\shipff\niceship\gameplay.cpp(288): warning C4244: '=': 'int' から 'float' への変換です。データが失われる可能性があります。
c:\users\k018a1697\desktop\shipff\niceship\gameplay.cpp(298): warning C4244: '=': 'int' から 'float' への変換です。データが失われる可能性があります。
c:\users\k018a1697\desktop\shipff\niceship\gameplay.cpp(313): warning C4244: '=': 'int' から 'float' への変換です。データが失われる可能性があります。
c:\users\k018a1697\desktop\shipff\niceship\gameplay.cpp(323): warning C4244: '=': 'int' から 'float' への変換です。データが失われる可能性があります。
c:\users\k018a1697\desktop\shipff\niceship\gameplay.cpp(333): warning C4244: '=': 'int' から 'float' への変換です。データが失われる可能性があります。
c:\users\k018a1697\desktop\shipff\niceship\gameplay.cpp(343): warning C4244: '=': 'int' から 'float' への変換です。データが失われる可能性があります。
c:\users\k018a1697\desktop\shipff\niceship\gameplay.cpp(353): warning C4244: '=': 'int' から 'float' への変換です。データが失われる可能性があります。
c:\users\k018a1697\desktop\shipff\niceship\gameplay.cpp(363): warning C4244: '=': 'int' から 'float' への変換です。データが失われる可能性があります。
c:\users\k018a1697\desktop\shipff\niceship\gameplay.cpp(373): warning C4244: '=': 'int' から 'float' への変換です。データが失われる可能性があります。
c:\users\k018a1697\desktop\shipff\niceship\gameplay.cpp(388): warning C4244: '=': 'int' から 'float' への変換です。データが失われる可能性があります。
c:\users\k018a1697\desktop\shipff\niceship\gameplay.cpp(398): warning C4244: '=': 'int' から 'float' への変換です。データが失われる可能性があります。
c:\users\k018a1697\desktop\shipff\niceship\gameplay.cpp(408): warning C4244: '=': 'int' から 'float' への変換です。データが失われる可能性があります。
c:\users\k018a1697\desktop\shipff\niceship\gameplay.cpp(418): warning C4244: '=': 'int' から 'float' への変換です。データが失われる可能性があります。
c:\users\k018a1697\desktop\shipff\niceship\gameplay.cpp(428): warning C4244: '=': 'int' から 'float' への変換です。データが失われる可能性があります。
c:\users\k018a1697\desktop\shipff\niceship\gameplay.cpp(438): warning C4244: '=': 'int' から 'float' への変換です。データが失われる可能性があります。
c:\users\k018a1697\desktop\shipff\niceship\gameplay.cpp(448): warning C4244: '=': 'int' から 'float' への変換です。データが失われる可能性があります。
c:\users\k018a1697\desktop\shipff\niceship\gameplay.cpp(463): warning C4244: '=': 'int' から 'float' への変換です。データが失われる可能性があります。
c:\users\k018a1697\desktop\shipff\niceship\gameplay.cpp(473): warning C4244: '=': 'int' から 'float' への変換です。データが失われる可能性があります。
c:\users\k018a1697\desktop\shipff\niceship\gameplay.cpp(483): warning C4244: '=': 'int' から 'float' への変換です。データが失われる可能性があります。
c:\users\k018a1697\desktop\shipff\niceship\gameplay.cpp(493): warning C4244: '=': 'int' から 'float' への変換です。データが失われる可能性があります。
c:\users\k018a1697\desktop\shipff\niceship\gameplay.cpp(503): warning C4244: '=': 'int' から 'float' への変換です。データが失われる可能性があります。
c:\users\k018a1697\desktop\shipff\niceship\gameplay.cpp(513): warning C4244: '=': 'int' から 'float' への変換です。データが失われる可能性があります。
c:\users\k018a1697\desktop\shipff\niceship\gameplay.cpp(523): warning C4244: '=': 'int' から 'float' への変換です。データが失われる可能性があります。
c:\users\k018a1697\desktop\shipff\niceship\gameplay.cpp(538): warning C4244: '=': 'int' から 'float' への変換です。データが失われる可能性があります。
c:\users\k018a1697\desktop\shipff\niceship\gameplay.cpp(548): warning C4244: '=': 'int' から 'float' への変換です。データが失われる可能性があります。
c:\users\k018a1697\desktop\shipff\niceship\gameplay.cpp(558): warning C4244: '=': 'int' から 'float' への変換です。データが失われる可能性があります。
c:\users\k018a1697\desktop\shipff\niceship\gameplay.cpp(568): warning C4244: '=': 'int' から 'float' への変換です。データが失われる可能性があります。
c:\users\k018a1697\desktop\shipff\niceship\gameplay.cpp(578): warning C4244: '=': 'int' から 'float' への変換です。データが失われる可能性があります。
c:\users\k018a1697\desktop\shipff\niceship\gameplay.cpp(588): warning C4244: '=': 'int' から 'float' への変換です。データが失われる可能性があります。
c:\users\k018a1697\desktop\shipff\niceship\gameplay.cpp(598): warning C4244: '=': 'int' から 'float' への変換です。データが失われる可能性があります。
  GraphFactory.cpp
  LargeFish.cpp
c:\users\k018a1697\desktop\shipff\niceship\largefish.cpp(15): warning C4305: '=': 'double' から 'float' へ切り詰めます。
  MiddleFish.cpp
c:\users\k018a1697\desktop\shipff\niceship\middlefish.cpp(12): warning C4305: '=': 'double' から 'float' へ切り詰めます。
  Player.cpp
c:\users\k018a1697\desktop\shipff\niceship\player.cpp(35): warning C4305: '=': 'double' から 'float' へ切り詰めます。
c:\users\k018a1697\desktop\shipff\niceship\player.cpp(36): warning C4305: '=': 'double' から 'float' へ切り詰めます。
c:\users\k018a1697\desktop\shipff\niceship\player.cpp(40): warning C4305: '=': 'double' から 'float' へ切り詰めます。
c:\users\k018a1697\desktop\shipff\niceship\player.cpp(41): warning C4305: '=': 'double' から 'float' へ切り詰めます。
c:\users\k018a1697\desktop\shipff\niceship\player.cpp(43): warning C4305: '=': 'double' から 'float' へ切り詰めます。
c:\users\k018a1697\desktop\shipff\niceship\player.cpp(178): warning C4305: '+=': 'double' から 'float' へ切り詰めます。
c:\users\k018a1697\desktop\shipff\niceship\player.cpp(184): warning C4305: '-=': 'double' から 'float' へ切り詰めます。
  Port.cpp
  SceneManager.cpp
  Score.cpp
  SmallFish.cpp
  Special.cpp
c:\users\k018a1697\desktop\shipff\niceship\special.cpp(13): warning C4305: '=': 'double' から 'float' へ切り詰めます。
  Title.cpp
  Vector2D.cpp
  WinMain.cpp
  コードを生成中...
  NiceShip.vcxproj -> C:\Users\K018A1697\Desktop\ShipFF\NiceShip\x64\Debug\NiceShip.exe
